# JRE version: Java(TM) SE Runtime Environment (22.0.1+8) (build 22.0.1+8-16)
# Java VM: Java HotSpot(TM) 64-Bit Server VM (22.0.1+8-16, mixed mode, sharing, tiered, compressed oops, compressed class ptrs, g1 gc, windows-amd64)
GC Precious Log:
 CardTable entry size: 512
 Card Set container configuration: InlinePtr #cards 4 size 8 Array Of Cards #cards 32 size 80 Howl #buckets 8 coarsen threshold 7372 Howl Bitmap #cards 1024 size 144 coarsen threshold 921 Card regions per heap region 1 cards per card region 8192
 CPUs: 12 total, 12 available
 Memory: 19886M
 Large Page Support: Disabled
 NUMA Support: Disabled
 Compressed Oops: Enabled (Zero based)
 Heap Region Size: 4M
 Heap Min Capacity: 8M
 Heap Initial Capacity: 312M
 Heap Max Capacity: 4972M
 Pre-touch: Disabled
 Parallel Workers: 10
 Concurrent Workers: 3
 Concurrent Refinement Workers: 10
 Periodic GC: Disabled
Heap:
 garbage-first heap   total reserved 5091328K, committed 319488K, used 43233K [0x00000006c9400000, 0x0000000800000000)
  region size 4096K, 4 young (16384K), 3 survivors (12288K)
 Metaspace       used 21260K, committed 21632K, reserved 1114112K
  class space    used 3296K, committed 3456K, reserved 1048576K
GC Heap History (6 events):
Event: 0.573 GC heap before
{Heap before GC invocations=0 (full 0):
 garbage-first heap   total reserved 5091328K, committed 319488K, used 24576K [0x00000006c9400000, 0x0000000800000000)
  region size 4096K, 6 young (24576K), 0 survivors (0K)
 Metaspace       used 4554K, committed 4800K, reserved 1114112K
  class space    used 497K, committed 640K, reserved 1048576K
}
Event: 0.576 GC heap after
{Heap after GC invocations=1 (full 0):
 garbage-first heap   total reserved 5091328K, committed 319488K, used 2946K [0x00000006c9400000, 0x0000000800000000)
  region size 4096K, 1 young (4096K), 1 survivors (4096K)
 Metaspace       used 4554K, committed 4800K, reserved 1114112K
  class space    used 497K, committed 640K, reserved 1048576K
}
Event: 1.295 GC heap before
{Heap before GC invocations=1 (full 0):
 garbage-first heap   total reserved 5091328K, committed 319488K, used 72578K [0x00000006c9400000, 0x0000000800000000)
  region size 4096K, 13 young (53248K), 1 survivors (4096K)
 Metaspace       used 15557K, committed 15936K, reserved 1114112K
  class space    used 2476K, committed 2624K, reserved 1048576K
}
Event: 1.302 GC heap after
{Heap after GC invocations=2 (full 0):
 garbage-first heap   total reserved 5091328K, committed 319488K, used 32379K [0x00000006c9400000, 0x0000000800000000)
  region size 4096K, 2 young (8192K), 2 survivors (8192K)
 Metaspace       used 15557K, committed 15936K, reserved 1114112K
  class space    used 2476K, committed 2624K, reserved 1048576K
}
Event: 4.344 GC heap before
{Heap before GC invocations=2 (full 0):
 garbage-first heap   total reserved 5091328K, committed 319488K, used 118395K [0x00000006c9400000, 0x0000000800000000)
  region size 4096K, 18 young (73728K), 2 survivors (8192K)
 Metaspace       used 21177K, committed 21504K, reserved 1114112K
  class space    used 3290K, committed 3456K, reserved 1048576K
}
Event: 4.355 GC heap after
{Heap after GC invocations=3 (full 0):
 garbage-first heap   total reserved 5091328K, committed 319488K, used 43233K [0x00000006c9400000, 0x0000000800000000)
  region size 4096K, 3 young (12288K), 3 survivors (12288K)
 Metaspace       used 21177K, committed 21504K, reserved 1114112K
  class space    used 3290K, committed 3456K, reserved 1048576K
}

